  DataStruct_ex1.cpp
c:\users\khj\source\repos\data_struct\datastruct_ex1.cpp(20): warning C4311: '형식 캐스트': 'char *'에서 'int'(으)로 포인터가 잘립니다.
c:\users\khj\source\repos\data_struct\datastruct_ex1.cpp(20): warning C4302: '형식 캐스트': 'char *'에서 'int'(으)로 잘립니다.
c:\users\khj\source\repos\data_struct\datastruct_ex1.cpp(21): warning C4311: '형식 캐스트': 'int *'에서 'int'(으)로 포인터가 잘립니다.
c:\users\khj\source\repos\data_struct\datastruct_ex1.cpp(21): warning C4302: '형식 캐스트': 'int *'에서 'int'(으)로 잘립니다.
c:\users\khj\source\repos\data_struct\datastruct_ex1.cpp(22): warning C4311: '형식 캐스트': 'int *'에서 'int'(으)로 포인터가 잘립니다.
c:\users\khj\source\repos\data_struct\datastruct_ex1.cpp(22): warning C4302: '형식 캐스트': 'int *'에서 'int'(으)로 잘립니다.
c:\users\khj\source\repos\data_struct\datastruct_ex1.cpp(23): warning C4311: '형식 캐스트': 'int *'에서 'int'(으)로 포인터가 잘립니다.
c:\users\khj\source\repos\data_struct\datastruct_ex1.cpp(23): warning C4302: '형식 캐스트': 'int *'에서 'int'(으)로 잘립니다.
c:\users\khj\source\repos\data_struct\datastruct_ex1.cpp(24): warning C4311: '형식 캐스트': 'int *'에서 'int'(으)로 포인터가 잘립니다.
c:\users\khj\source\repos\data_struct\datastruct_ex1.cpp(24): warning C4302: '형식 캐스트': 'int *'에서 'int'(으)로 잘립니다.
c:\users\khj\source\repos\data_struct\datastruct_ex1.cpp(25): warning C4311: '형식 캐스트': 'int *'에서 'int'(으)로 포인터가 잘립니다.
c:\users\khj\source\repos\data_struct\datastruct_ex1.cpp(25): warning C4302: '형식 캐스트': 'int *'에서 'int'(으)로 잘립니다.
c:\users\khj\source\repos\data_struct\datastruct_ex1.cpp(27): warning C4311: '형식 캐스트': 'double *'에서 'int'(으)로 포인터가 잘립니다.
c:\users\khj\source\repos\data_struct\datastruct_ex1.cpp(27): warning C4302: '형식 캐스트': 'double *'에서 'int'(으)로 잘립니다.
c:\users\khj\source\repos\data_struct\datastruct_ex1.cpp(28): warning C4311: '형식 캐스트': 'double *'에서 'int'(으)로 포인터가 잘립니다.
c:\users\khj\source\repos\data_struct\datastruct_ex1.cpp(28): warning C4302: '형식 캐스트': 'double *'에서 'int'(으)로 잘립니다.
c:\users\khj\source\repos\data_struct\datastruct_ex1.cpp(29): warning C4311: '형식 캐스트': 'double *'에서 'int'(으)로 포인터가 잘립니다.
c:\users\khj\source\repos\data_struct\datastruct_ex1.cpp(29): warning C4302: '형식 캐스트': 'double *'에서 'int'(으)로 잘립니다.
c:\users\khj\source\repos\data_struct\datastruct_ex1.cpp(30): warning C4311: '형식 캐스트': 'double *'에서 'int'(으)로 포인터가 잘립니다.
c:\users\khj\source\repos\data_struct\datastruct_ex1.cpp(30): warning C4302: '형식 캐스트': 'double *'에서 'int'(으)로 잘립니다.
c:\users\khj\source\repos\data_struct\datastruct_ex1.cpp(31): warning C4311: '형식 캐스트': 'double *'에서 'int'(으)로 포인터가 잘립니다.
c:\users\khj\source\repos\data_struct\datastruct_ex1.cpp(31): warning C4302: '형식 캐스트': 'double *'에서 'int'(으)로 잘립니다.
  Data_Struct.vcxproj -> C:\Users\khj\source\repos\Data_Struct\x64\Debug\Data_Struct.exe
